This is pdfTeX, Version 3.14159265-2.6-1.40.19 (MiKTeX 2.9.6800 64-bit) (preloaded format=pdflatex 2018.9.10)  27 NOV 2020 15:23
entering extended mode
**./jorgensen.tex
(jorgensen.tex
LaTeX2e <2018-04-01> patch level 5
(C:\Users\ISP-Karam\AppData\Local\Programs\MiKTeX\tex\latex\beamer\beamer.cls
Document Class: beamer 2018/09/02 v3.52 A class for typesetting presentations

(C:\Users\ISP-Karam\AppData\Local\Programs\MiKTeX\tex\latex\beamer\beamerbasemo
des.sty
(C:\Users\ISP-Karam\AppData\Local\Programs\MiKTeX\tex\latex\etoolbox\etoolbox.s
ty
Package: etoolbox 2018/08/19 v2.5f e-TeX tools for LaTeX (JAW)
\etb@tempcnta=\count80
)
\beamer@tempbox=\box26
\beamer@tempcount=\count81
\c@beamerpauses=\count82

(C:\Users\ISP-Karam\AppData\Local\Programs\MiKTeX\tex\latex\beamer\beamerbasede
code.sty
\beamer@slideinframe=\count83
\beamer@minimum=\count84
)
\beamer@commentbox=\box27
\beamer@modecount=\count85
)
(C:\Users\ISP-Karam\AppData\Local\Programs\MiKTeX\tex\generic\oberdiek\ifpdf.st
y
Package: ifpdf 2017/03/15 v3.2 Provides the ifpdf switch
)
\headdp=\dimen102
\footheight=\dimen103
\sidebarheight=\dimen104
\beamer@tempdim=\dimen105
\beamer@finalheight=\dimen106
\beamer@animht=\dimen107
\beamer@animdp=\dimen108
\beamer@animwd=\dimen109
\beamer@leftmargin=\dimen110
\beamer@rightmargin=\dimen111
\beamer@leftsidebar=\dimen112
\beamer@rightsidebar=\dimen113
\beamer@boxsize=\dimen114
\beamer@vboxoffset=\dimen115
\beamer@descdefault=\dimen116
\beamer@descriptionwidth=\dimen117
\beamer@lastskip=\skip41
\beamer@areabox=\box28
\beamer@animcurrent=\box29
\beamer@animshowbox=\box30
\beamer@sectionbox=\box31
\beamer@logobox=\box32
\beamer@linebox=\box33
\beamer@sectioncount=\count86
\beamer@subsubsectionmax=\count87
\beamer@subsectionmax=\count88
\beamer@sectionmax=\count89
\beamer@totalheads=\count90
\beamer@headcounter=\count91
\beamer@partstartpage=\count92
\beamer@sectionstartpage=\count93
\beamer@subsectionstartpage=\count94
\beamer@animationtempa=\count95
\beamer@animationtempb=\count96
\beamer@xpos=\count97
\beamer@ypos=\count98
\beamer@ypos@offset=\count99
\beamer@showpartnumber=\count100
\beamer@currentsubsection=\count101
\beamer@coveringdepth=\count102
\beamer@sectionadjust=\count103
\beamer@tocsectionnumber=\count104

(C:\Users\ISP-Karam\AppData\Local\Programs\MiKTeX\tex\latex\beamer\beamerbaseop
tions.sty
(C:\Users\ISP-Karam\AppData\Local\Programs\MiKTeX\tex\latex\graphics\keyval.sty
Package: keyval 2014/10/28 v1.15 key=value parser (DPC)
\KV@toks@=\toks14
))
\beamer@paperwidth=\skip42
\beamer@paperheight=\skip43

(C:\Users\ISP-Karam\AppData\Local\Programs\MiKTeX\tex\latex\geometry\geometry.s
ty
Package: geometry 2018/04/16 v5.8 Page Geometry

(C:\Users\ISP-Karam\AppData\Local\Programs\MiKTeX\tex\generic\oberdiek\ifvtex.s
ty
Package: ifvtex 2016/05/16 v1.6 Detect VTeX and its facilities (HO)
Package ifvtex Info: VTeX not detected.
)
(C:\Users\ISP-Karam\AppData\Local\Programs\MiKTeX\tex\generic\ifxetex\ifxetex.s
ty
Package: ifxetex 2010/09/12 v0.6 Provides ifxetex conditional
)
\Gm@cnth=\count105
\Gm@cntv=\count106
\c@Gm@tempcnt=\count107
\Gm@bindingoffset=\dimen118
\Gm@wd@mp=\dimen119
\Gm@odd@mp=\dimen120
\Gm@even@mp=\dimen121
\Gm@layoutwidth=\dimen122
\Gm@layoutheight=\dimen123
\Gm@layouthoffset=\dimen124
\Gm@layoutvoffset=\dimen125
\Gm@dimlist=\toks15

(C:\Users\ISP-Karam\AppData\Local\Programs\MiKTeX\tex\latex\geometry\geometry.c
fg))
(C:\Users\ISP-Karam\AppData\Local\Programs\MiKTeX\tex\latex\extsizes\size9.clo
File: size9.clo 1999/11/11 v1.4a NON-Standard LaTeX file (size option)
)
(C:\Users\ISP-Karam\AppData\Local\Programs\MiKTeX\tex\latex\pgf\basiclayer\pgfc
ore.sty
(C:\Users\ISP-Karam\AppData\Local\Programs\MiKTeX\tex\latex\graphics\graphicx.s
ty
Package: graphicx 2017/06/01 v1.1a Enhanced LaTeX Graphics (DPC,SPQR)

(C:\Users\ISP-Karam\AppData\Local\Programs\MiKTeX\tex\latex\graphics\graphics.s
ty
Package: graphics 2017/06/25 v1.2c Standard LaTeX Graphics (DPC,SPQR)

(C:\Users\ISP-Karam\AppData\Local\Programs\MiKTeX\tex\latex\graphics\trig.sty
Package: trig 2016/01/03 v1.10 sin cos tan (DPC)
)
(C:\Users\ISP-Karam\AppData\Local\Programs\MiKTeX\tex\latex\graphics-cfg\graphi
cs.cfg
File: graphics.cfg 2016/06/04 v1.11 sample graphics configuration
)
Package graphics Info: Driver file: pdftex.def on input line 99.

(C:\Users\ISP-Karam\AppData\Local\Programs\MiKTeX\tex\latex\graphics-def\pdftex
.def
File: pdftex.def 2018/01/08 v1.0l Graphics/color driver for pdftex
))
\Gin@req@height=\dimen126
\Gin@req@width=\dimen127
)
(C:\Users\ISP-Karam\AppData\Local\Programs\MiKTeX\tex\latex\pgf\systemlayer\pgf
sys.sty
(C:\Users\ISP-Karam\AppData\Local\Programs\MiKTeX\tex\latex\pgf\utilities\pgfrc
s.sty
(C:\Users\ISP-Karam\AppData\Local\Programs\MiKTeX\tex\generic\pgf\utilities\pgf
util-common.tex
\pgfutil@everybye=\toks16
\pgfutil@tempdima=\dimen128
\pgfutil@tempdimb=\dimen129

(C:\Users\ISP-Karam\AppData\Local\Programs\MiKTeX\tex\generic\pgf\utilities\pgf
util-common-lists.tex))
(C:\Users\ISP-Karam\AppData\Local\Programs\MiKTeX\tex\generic\pgf\utilities\pgf
util-latex.def
\pgfutil@abb=\box34

(C:\Users\ISP-Karam\AppData\Local\Programs\MiKTeX\tex\latex\ms\everyshi.sty
Package: everyshi 2001/05/15 v3.00 EveryShipout Package (MS)
))
(C:\Users\ISP-Karam\AppData\Local\Programs\MiKTeX\tex\generic\pgf\utilities\pgf
rcs.code.tex
Package: pgfrcs 2015/08/07 v3.0.1a (rcs-revision 1.31)
))
(C:\Users\ISP-Karam\AppData\Local\Programs\MiKTeX\tex\generic\pgf\systemlayer\p
gfsys.code.tex
Package: pgfsys 2014/07/09 v3.0.1a (rcs-revision 1.48)

(C:\Users\ISP-Karam\AppData\Local\Programs\MiKTeX\tex\generic\pgf\utilities\pgf
keys.code.tex
\pgfkeys@pathtoks=\toks17
\pgfkeys@temptoks=\toks18

(C:\Users\ISP-Karam\AppData\Local\Programs\MiKTeX\tex\generic\pgf\utilities\pgf
keysfiltered.code.tex
\pgfkeys@tmptoks=\toks19
))
\pgf@x=\dimen130
\pgf@y=\dimen131
\pgf@xa=\dimen132
\pgf@ya=\dimen133
\pgf@xb=\dimen134
\pgf@yb=\dimen135
\pgf@xc=\dimen136
\pgf@yc=\dimen137
\w@pgf@writea=\write3
\r@pgf@reada=\read1
\c@pgf@counta=\count108
\c@pgf@countb=\count109
\c@pgf@countc=\count110
\c@pgf@countd=\count111
\t@pgf@toka=\toks20
\t@pgf@tokb=\toks21
\t@pgf@tokc=\toks22

(C:\Users\ISP-Karam\AppData\Local\Programs\MiKTeX\tex\generic\pgf\systemlayer\p
gf.cfg
File: pgf.cfg 2008/05/14  (rcs-revision 1.7)
)
Driver file for pgf: pgfsys-pdftex.def

(C:\Users\ISP-Karam\AppData\Local\Programs\MiKTeX\tex\generic\pgf\systemlayer\p
gfsys-pdftex.def
File: pgfsys-pdftex.def 2014/10/11  (rcs-revision 1.35)

(C:\Users\ISP-Karam\AppData\Local\Programs\MiKTeX\tex\generic\pgf\systemlayer\p
gfsys-common-pdf.def
File: pgfsys-common-pdf.def 2013/10/10  (rcs-revision 1.13)
)))
(C:\Users\ISP-Karam\AppData\Local\Programs\MiKTeX\tex\generic\pgf\systemlayer\p
gfsyssoftpath.code.tex
File: pgfsyssoftpath.code.tex 2013/09/09  (rcs-revision 1.9)
\pgfsyssoftpath@smallbuffer@items=\count112
\pgfsyssoftpath@bigbuffer@items=\count113
)
(C:\Users\ISP-Karam\AppData\Local\Programs\MiKTeX\tex\generic\pgf\systemlayer\p
gfsysprotocol.code.tex
File: pgfsysprotocol.code.tex 2006/10/16  (rcs-revision 1.4)
))
(C:\Users\ISP-Karam\AppData\Local\Programs\MiKTeX\tex\latex\xcolor\xcolor.sty
Package: xcolor 2016/05/11 v2.12 LaTeX color extensions (UK)

(C:\Users\ISP-Karam\AppData\Local\Programs\MiKTeX\tex\latex\graphics-cfg\color.
cfg
File: color.cfg 2016/01/02 v1.6 sample color configuration
)
Package xcolor Info: Driver file: pdftex.def on input line 225.
Package xcolor Info: Model `cmy' substituted by `cmy0' on input line 1348.
Package xcolor Info: Model `hsb' substituted by `rgb' on input line 1352.
Package xcolor Info: Model `RGB' extended on input line 1364.
Package xcolor Info: Model `HTML' substituted by `rgb' on input line 1366.
Package xcolor Info: Model `Hsb' substituted by `hsb' on input line 1367.
Package xcolor Info: Model `tHsb' substituted by `hsb' on input line 1368.
Package xcolor Info: Model `HSB' substituted by `hsb' on input line 1369.
Package xcolor Info: Model `Gray' substituted by `gray' on input line 1370.
Package xcolor Info: Model `wave' substituted by `hsb' on input line 1371.
)
(C:\Users\ISP-Karam\AppData\Local\Programs\MiKTeX\tex\generic\pgf\basiclayer\pg
fcore.code.tex
Package: pgfcore 2010/04/11 v3.0.1a (rcs-revision 1.7)

(C:\Users\ISP-Karam\AppData\Local\Programs\MiKTeX\tex\generic\pgf\math\pgfmath.
code.tex
(C:\Users\ISP-Karam\AppData\Local\Programs\MiKTeX\tex\generic\pgf\math\pgfmathc
alc.code.tex
(C:\Users\ISP-Karam\AppData\Local\Programs\MiKTeX\tex\generic\pgf\math\pgfmathu
til.code.tex)
(C:\Users\ISP-Karam\AppData\Local\Programs\MiKTeX\tex\generic\pgf\math\pgfmathp
arser.code.tex
\pgfmath@dimen=\dimen138
\pgfmath@count=\count114
\pgfmath@box=\box35
\pgfmath@toks=\toks23
\pgfmath@stack@operand=\toks24
\pgfmath@stack@operation=\toks25
)
(C:\Users\ISP-Karam\AppData\Local\Programs\MiKTeX\tex\generic\pgf\math\pgfmathf
unctions.code.tex
(C:\Users\ISP-Karam\AppData\Local\Programs\MiKTeX\tex\generic\pgf\math\pgfmathf
unctions.basic.code.tex)
(C:\Users\ISP-Karam\AppData\Local\Programs\MiKTeX\tex\generic\pgf\math\pgfmathf
unctions.trigonometric.code.tex)
(C:\Users\ISP-Karam\AppData\Local\Programs\MiKTeX\tex\generic\pgf\math\pgfmathf
unctions.random.code.tex)
(C:\Users\ISP-Karam\AppData\Local\Programs\MiKTeX\tex\generic\pgf\math\pgfmathf
unctions.comparison.code.tex)
(C:\Users\ISP-Karam\AppData\Local\Programs\MiKTeX\tex\generic\pgf\math\pgfmathf
unctions.base.code.tex)
(C:\Users\ISP-Karam\AppData\Local\Programs\MiKTeX\tex\generic\pgf\math\pgfmathf
unctions.round.code.tex)
(C:\Users\ISP-Karam\AppData\Local\Programs\MiKTeX\tex\generic\pgf\math\pgfmathf
unctions.misc.code.tex)
(C:\Users\ISP-Karam\AppData\Local\Programs\MiKTeX\tex\generic\pgf\math\pgfmathf
unctions.integerarithmetics.code.tex)))
(C:\Users\ISP-Karam\AppData\Local\Programs\MiKTeX\tex\generic\pgf\math\pgfmathf
loat.code.tex
\c@pgfmathroundto@lastzeros=\count115
))
(C:\Users\ISP-Karam\AppData\Local\Programs\MiKTeX\tex\generic\pgf\basiclayer\pg
fcorepoints.code.tex
File: pgfcorepoints.code.tex 2013/10/07  (rcs-revision 1.27)
\pgf@picminx=\dimen139
\pgf@picmaxx=\dimen140
\pgf@picminy=\dimen141
\pgf@picmaxy=\dimen142
\pgf@pathminx=\dimen143
\pgf@pathmaxx=\dimen144
\pgf@pathminy=\dimen145
\pgf@pathmaxy=\dimen146
\pgf@xx=\dimen147
\pgf@xy=\dimen148
\pgf@yx=\dimen149
\pgf@yy=\dimen150
\pgf@zx=\dimen151
\pgf@zy=\dimen152
)
(C:\Users\ISP-Karam\AppData\Local\Programs\MiKTeX\tex\generic\pgf\basiclayer\pg
fcorepathconstruct.code.tex
File: pgfcorepathconstruct.code.tex 2013/10/07  (rcs-revision 1.29)
\pgf@path@lastx=\dimen153
\pgf@path@lasty=\dimen154
)
(C:\Users\ISP-Karam\AppData\Local\Programs\MiKTeX\tex\generic\pgf\basiclayer\pg
fcorepathusage.code.tex
File: pgfcorepathusage.code.tex 2014/11/02  (rcs-revision 1.24)
\pgf@shorten@end@additional=\dimen155
\pgf@shorten@start@additional=\dimen156
)
(C:\Users\ISP-Karam\AppData\Local\Programs\MiKTeX\tex\generic\pgf\basiclayer\pg
fcorescopes.code.tex
File: pgfcorescopes.code.tex 2015/05/08  (rcs-revision 1.46)
\pgfpic=\box36
\pgf@hbox=\box37
\pgf@layerbox@main=\box38
\pgf@picture@serial@count=\count116
)
(C:\Users\ISP-Karam\AppData\Local\Programs\MiKTeX\tex\generic\pgf\basiclayer\pg
fcoregraphicstate.code.tex
File: pgfcoregraphicstate.code.tex 2014/11/02  (rcs-revision 1.12)
\pgflinewidth=\dimen157
)
(C:\Users\ISP-Karam\AppData\Local\Programs\MiKTeX\tex\generic\pgf\basiclayer\pg
fcoretransformations.code.tex
File: pgfcoretransformations.code.tex 2015/08/07  (rcs-revision 1.20)
\pgf@pt@x=\dimen158
\pgf@pt@y=\dimen159
\pgf@pt@temp=\dimen160
)
(C:\Users\ISP-Karam\AppData\Local\Programs\MiKTeX\tex\generic\pgf\basiclayer\pg
fcorequick.code.tex
File: pgfcorequick.code.tex 2008/10/09  (rcs-revision 1.3)
)
(C:\Users\ISP-Karam\AppData\Local\Programs\MiKTeX\tex\generic\pgf\basiclayer\pg
fcoreobjects.code.tex
File: pgfcoreobjects.code.tex 2006/10/11  (rcs-revision 1.2)
)
(C:\Users\ISP-Karam\AppData\Local\Programs\MiKTeX\tex\generic\pgf\basiclayer\pg
fcorepathprocessing.code.tex
File: pgfcorepathprocessing.code.tex 2013/09/09  (rcs-revision 1.9)
)
(C:\Users\ISP-Karam\AppData\Local\Programs\MiKTeX\tex\generic\pgf\basiclayer\pg
fcorearrows.code.tex
File: pgfcorearrows.code.tex 2015/05/14  (rcs-revision 1.43)
\pgfarrowsep=\dimen161
)
(C:\Users\ISP-Karam\AppData\Local\Programs\MiKTeX\tex\generic\pgf\basiclayer\pg
fcoreshade.code.tex
File: pgfcoreshade.code.tex 2013/07/15  (rcs-revision 1.15)
\pgf@max=\dimen162
\pgf@sys@shading@range@num=\count117
)
(C:\Users\ISP-Karam\AppData\Local\Programs\MiKTeX\tex\generic\pgf\basiclayer\pg
fcoreimage.code.tex
File: pgfcoreimage.code.tex 2013/07/15  (rcs-revision 1.18)

(C:\Users\ISP-Karam\AppData\Local\Programs\MiKTeX\tex\generic\pgf\basiclayer\pg
fcoreexternal.code.tex
File: pgfcoreexternal.code.tex 2014/07/09  (rcs-revision 1.21)
\pgfexternal@startupbox=\box39
))
(C:\Users\ISP-Karam\AppData\Local\Programs\MiKTeX\tex\generic\pgf\basiclayer\pg
fcorelayers.code.tex
File: pgfcorelayers.code.tex 2013/07/18  (rcs-revision 1.7)
)
(C:\Users\ISP-Karam\AppData\Local\Programs\MiKTeX\tex\generic\pgf\basiclayer\pg
fcoretransparency.code.tex
File: pgfcoretransparency.code.tex 2013/09/30  (rcs-revision 1.5)
)
(C:\Users\ISP-Karam\AppData\Local\Programs\MiKTeX\tex\generic\pgf\basiclayer\pg
fcorepatterns.code.tex
File: pgfcorepatterns.code.tex 2013/11/07  (rcs-revision 1.5)
)))
(C:\Users\ISP-Karam\AppData\Local\Programs\MiKTeX\tex\latex\pgf\utilities\xxcol
or.sty
Package: xxcolor 2003/10/24 ver 0.1
\XC@nummixins=\count118
\XC@countmixins=\count119
)
(C:\Users\ISP-Karam\AppData\Local\Programs\MiKTeX\tex\generic\oberdiek\atbegshi
.sty
Package: atbegshi 2016/06/09 v1.18 At begin shipout hook (HO)

(C:\Users\ISP-Karam\AppData\Local\Programs\MiKTeX\tex\generic\oberdiek\infwarer
r.sty
Package: infwarerr 2016/05/16 v1.4 Providing info/warning/error messages (HO)
)
(C:\Users\ISP-Karam\AppData\Local\Programs\MiKTeX\tex\generic\oberdiek\ltxcmds.
sty
Package: ltxcmds 2016/05/16 v1.23 LaTeX kernel commands for general use (HO)
))
(C:\Users\ISP-Karam\AppData\Local\Programs\MiKTeX\tex\latex\hyperref\hyperref.s
ty
Package: hyperref 2018/02/06 v6.86b Hypertext links for LaTeX

(C:\Users\ISP-Karam\AppData\Local\Programs\MiKTeX\tex\generic\oberdiek\hobsub-h
yperref.sty
Package: hobsub-hyperref 2016/05/16 v1.14 Bundle oberdiek, subset hyperref (HO)


(C:\Users\ISP-Karam\AppData\Local\Programs\MiKTeX\tex\generic\oberdiek\hobsub-g
eneric.sty
Package: hobsub-generic 2016/05/16 v1.14 Bundle oberdiek, subset generic (HO)
Package: hobsub 2016/05/16 v1.14 Construct package bundles (HO)
Package hobsub Info: Skipping package `infwarerr' (already loaded).
Package hobsub Info: Skipping package `ltxcmds' (already loaded).
Package: ifluatex 2016/05/16 v1.4 Provides the ifluatex switch (HO)
Package ifluatex Info: LuaTeX not detected.
Package hobsub Info: Skipping package `ifvtex' (already loaded).
Package: intcalc 2016/05/16 v1.2 Expandable calculations with integers (HO)
Package hobsub Info: Skipping package `ifpdf' (already loaded).
Package: etexcmds 2016/05/16 v1.6 Avoid name clashes with e-TeX commands (HO)
Package etexcmds Info: Could not find \expanded.
(etexcmds)             That can mean that you are not using pdfTeX 1.50 or
(etexcmds)             that some package has redefined \expanded.
(etexcmds)             In the latter case, load this package earlier.
Package: kvsetkeys 2016/05/16 v1.17 Key value parser (HO)
Package: kvdefinekeys 2016/05/16 v1.4 Define keys (HO)
Package: pdftexcmds 2018/01/30 v0.27 Utility functions of pdfTeX for LuaTeX (HO
)
Package pdftexcmds Info: LuaTeX not detected.
Package pdftexcmds Info: \pdf@primitive is available.
Package pdftexcmds Info: \pdf@ifprimitive is available.
Package pdftexcmds Info: \pdfdraftmode found.
Package: pdfescape 2016/05/16 v1.14 Implements pdfTeX's escape features (HO)
Package: bigintcalc 2016/05/16 v1.4 Expandable calculations on big integers (HO
)
Package: bitset 2016/05/16 v1.2 Handle bit-vector datatype (HO)
Package: uniquecounter 2016/05/16 v1.3 Provide unlimited unique counter (HO)
)
Package hobsub Info: Skipping package `hobsub' (already loaded).
Package: letltxmacro 2016/05/16 v1.5 Let assignment for LaTeX macros (HO)
Package: hopatch 2016/05/16 v1.3 Wrapper for package hooks (HO)
Package: xcolor-patch 2016/05/16 xcolor patch
Package: atveryend 2016/05/16 v1.9 Hooks at the very end of document (HO)
Package hobsub Info: Skipping package `atbegshi' (already loaded).
Package: refcount 2016/05/16 v3.5 Data extraction from label references (HO)
Package: hycolor 2016/05/16 v1.8 Color options for hyperref/bookmark (HO)
)
(C:\Users\ISP-Karam\AppData\Local\Programs\MiKTeX\tex\latex\oberdiek\auxhook.st
y
Package: auxhook 2016/05/16 v1.4 Hooks for auxiliary files (HO)
)
(C:\Users\ISP-Karam\AppData\Local\Programs\MiKTeX\tex\latex\oberdiek\kvoptions.
sty
Package: kvoptions 2016/05/16 v3.12 Key value format for package options (HO)
)
\@linkdim=\dimen163
\Hy@linkcounter=\count120
\Hy@pagecounter=\count121

(C:\Users\ISP-Karam\AppData\Local\Programs\MiKTeX\tex\latex\hyperref\pd1enc.def
File: pd1enc.def 2018/02/06 v6.86b Hyperref: PDFDocEncoding definition (HO)
Now handling font encoding PD1 ...
... no UTF-8 mapping file for font encoding PD1
)
\Hy@SavedSpaceFactor=\count122

(C:\Users\ISP-Karam\AppData\Local\Programs\MiKTeX\tex\latex\00miktex\hyperref.c
fg
File: hyperref.cfg 2002/06/06 v1.2 hyperref configuration of TeXLive
)
Package hyperref Info: Option `bookmarks' set `true' on input line 4383.
Package hyperref Info: Option `bookmarksopen' set `true' on input line 4383.
Package hyperref Info: Option `implicit' set `false' on input line 4383.
Package hyperref Info: Hyper figures OFF on input line 4509.
Package hyperref Info: Link nesting OFF on input line 4514.
Package hyperref Info: Hyper index ON on input line 4517.
Package hyperref Info: Plain pages OFF on input line 4524.
Package hyperref Info: Backreferencing OFF on input line 4529.
Package hyperref Info: Implicit mode OFF; no redefinition of LaTeX internals.
Package hyperref Info: Bookmarks ON on input line 4762.
\c@Hy@tempcnt=\count123
 (C:\Users\ISP-Karam\AppData\Local\Programs\MiKTeX\tex\latex\url\url.sty
\Urlmuskip=\muskip10
Package: url 2013/09/16  ver 3.4  Verb mode for urls, etc.
)
LaTeX Info: Redefining \url on input line 5115.
\XeTeXLinkMargin=\dimen164
\Fld@menulength=\count124
\Field@Width=\dimen165
\Fld@charsize=\dimen166
Package hyperref Info: Hyper figures OFF on input line 6369.
Package hyperref Info: Link nesting OFF on input line 6374.
Package hyperref Info: Hyper index ON on input line 6377.
Package hyperref Info: backreferencing OFF on input line 6384.
Package hyperref Info: Link coloring OFF on input line 6389.
Package hyperref Info: Link coloring with OCG OFF on input line 6394.
Package hyperref Info: PDF/A mode OFF on input line 6399.
LaTeX Info: Redefining \ref on input line 6439.
LaTeX Info: Redefining \pageref on input line 6443.
\Hy@abspage=\count125


Package hyperref Message: Stopped early.

)
Package hyperref Info: Driver (autodetected): hpdftex.

(C:\Users\ISP-Karam\AppData\Local\Programs\MiKTeX\tex\latex\hyperref\hpdftex.de
f
File: hpdftex.def 2018/02/06 v6.86b Hyperref driver for pdfTeX
\Fld@listcount=\count126
\c@bookmark@seq@number=\count127

(C:\Users\ISP-Karam\AppData\Local\Programs\MiKTeX\tex\latex\oberdiek\rerunfilec
heck.sty
Package: rerunfilecheck 2016/05/16 v1.8 Rerun checks for auxiliary files (HO)
Package uniquecounter Info: New unique counter `rerunfilecheck' on input line 2
82.
))
(C:\Users\ISP-Karam\AppData\Local\Programs\MiKTeX\tex\latex\beamer\beamerbasere
quires.sty
(C:\Users\ISP-Karam\AppData\Local\Programs\MiKTeX\tex\latex\beamer\beamerbaseco
mpatibility.sty)
(C:\Users\ISP-Karam\AppData\Local\Programs\MiKTeX\tex\latex\beamer\beamerbasefo
nt.sty
(C:\Users\ISP-Karam\AppData\Local\Programs\MiKTeX\tex\latex\amsfonts\amssymb.st
y
Package: amssymb 2013/01/14 v3.01 AMS font symbols

(C:\Users\ISP-Karam\AppData\Local\Programs\MiKTeX\tex\latex\amsfonts\amsfonts.s
ty
Package: amsfonts 2013/01/14 v3.01 Basic AMSFonts support
\@emptytoks=\toks26
\symAMSa=\mathgroup4
\symAMSb=\mathgroup5
LaTeX Font Info:    Overwriting math alphabet `\mathfrak' in version `bold'
(Font)                  U/euf/m/n --> U/euf/b/n on input line 106.
))
(C:\Users\ISP-Karam\AppData\Local\Programs\MiKTeX\tex\latex\sansmathaccent\sans
mathaccent.sty
Package: sansmathaccent 2013/03/28

(C:\Users\ISP-Karam\AppData\Local\Programs\MiKTeX\tex\latex\filehook\filehook.s
ty
Package: filehook 2011/10/12 v0.5d Hooks for input files
)))
(C:\Users\ISP-Karam\AppData\Local\Programs\MiKTeX\tex\latex\beamer\beamerbasetr
anslator.sty
(C:\Users\ISP-Karam\AppData\Local\Programs\MiKTeX\tex\latex\translator\translat
or.sty
Package: translator 2018/01/04 v1.12 Easy translation of strings in LaTeX
))
(C:\Users\ISP-Karam\AppData\Local\Programs\MiKTeX\tex\latex\beamer\beamerbasemi
sc.sty)
(C:\Users\ISP-Karam\AppData\Local\Programs\MiKTeX\tex\latex\beamer\beamerbasetw
oscreens.sty)
(C:\Users\ISP-Karam\AppData\Local\Programs\MiKTeX\tex\latex\beamer\beamerbaseov
erlay.sty
\beamer@argscount=\count128
\beamer@lastskipcover=\skip44
\beamer@trivlistdepth=\count129
)
(C:\Users\ISP-Karam\AppData\Local\Programs\MiKTeX\tex\latex\beamer\beamerbaseti
tle.sty)
(C:\Users\ISP-Karam\AppData\Local\Programs\MiKTeX\tex\latex\beamer\beamerbasese
ction.sty
\c@lecture=\count130
\c@part=\count131
\c@section=\count132
\c@subsection=\count133
\c@subsubsection=\count134
)
(C:\Users\ISP-Karam\AppData\Local\Programs\MiKTeX\tex\latex\beamer\beamerbasefr
ame.sty
\beamer@framebox=\box40
\beamer@frametitlebox=\box41
\beamer@zoombox=\box42
\beamer@zoomcount=\count135
\beamer@zoomframecount=\count136
\beamer@frametextheight=\dimen167
\c@subsectionslide=\count137
\beamer@frametopskip=\skip45
\beamer@framebottomskip=\skip46
\beamer@frametopskipautobreak=\skip47
\beamer@framebottomskipautobreak=\skip48
\beamer@envbody=\toks27
\framewidth=\dimen168
\c@framenumber=\count138
)
(C:\Users\ISP-Karam\AppData\Local\Programs\MiKTeX\tex\latex\beamer\beamerbaseve
rbatim.sty
\beamer@verbatimfileout=\write4
)
(C:\Users\ISP-Karam\AppData\Local\Programs\MiKTeX\tex\latex\beamer\beamerbasefr
amesize.sty
\beamer@splitbox=\box43
\beamer@autobreakcount=\count139
\beamer@autobreaklastheight=\dimen169
\beamer@frametitletoks=\toks28
\beamer@framesubtitletoks=\toks29
)
(C:\Users\ISP-Karam\AppData\Local\Programs\MiKTeX\tex\latex\beamer\beamerbasefr
amecomponents.sty
\beamer@footins=\box44
)
(C:\Users\ISP-Karam\AppData\Local\Programs\MiKTeX\tex\latex\beamer\beamerbaseco
lor.sty)
(C:\Users\ISP-Karam\AppData\Local\Programs\MiKTeX\tex\latex\beamer\beamerbaseno
tes.sty
\beamer@frameboxcopy=\box45
)
(C:\Users\ISP-Karam\AppData\Local\Programs\MiKTeX\tex\latex\beamer\beamerbaseto
c.sty)
(C:\Users\ISP-Karam\AppData\Local\Programs\MiKTeX\tex\latex\beamer\beamerbasete
mplates.sty
\beamer@sbttoks=\toks30

(C:\Users\ISP-Karam\AppData\Local\Programs\MiKTeX\tex\latex\beamer\beamerbaseau
xtemplates.sty
(C:\Users\ISP-Karam\AppData\Local\Programs\MiKTeX\tex\latex\beamer\beamerbasebo
xes.sty
\bmb@box=\box46
\bmb@colorbox=\box47
\bmb@boxshadow=\box48
\bmb@boxshadowball=\box49
\bmb@boxshadowballlarge=\box50
\bmb@temp=\dimen170
\bmb@dima=\dimen171
\bmb@dimb=\dimen172
\bmb@prevheight=\dimen173
)
\beamer@blockheadheight=\dimen174
))
(C:\Users\ISP-Karam\AppData\Local\Programs\MiKTeX\tex\latex\beamer\beamerbaselo
calstructure.sty
(C:\Users\ISP-Karam\AppData\Local\Programs\MiKTeX\tex\latex\tools\enumerate.sty
Package: enumerate 2015/07/23 v3.00 enumerate extensions (DPC)
\@enLab=\toks31
)
\c@figure=\count140
\c@table=\count141
\abovecaptionskip=\skip49
\belowcaptionskip=\skip50
)
(C:\Users\ISP-Karam\AppData\Local\Programs\MiKTeX\tex\latex\beamer\beamerbasena
vigation.sty
\beamer@section@min@dim=\dimen175
)
(C:\Users\ISP-Karam\AppData\Local\Programs\MiKTeX\tex\latex\beamer\beamerbaseth
eorems.sty
(C:\Users\ISP-Karam\AppData\Local\Programs\MiKTeX\tex\latex\amsmath\amsmath.sty
Package: amsmath 2017/09/02 v2.17a AMS math features
\@mathmargin=\skip51
For additional information on amsmath, use the `?' option.

(C:\Users\ISP-Karam\AppData\Local\Programs\MiKTeX\tex\latex\amsmath\amstext.sty
Package: amstext 2000/06/29 v2.01 AMS text
(C:\Users\ISP-Karam\AppData\Local\Programs\MiKTeX\tex\latex\amsmath\amsgen.sty
File: amsgen.sty 1999/11/30 v2.0 generic functions
\@emptytoks=\toks32
\ex@=\dimen176
))
(C:\Users\ISP-Karam\AppData\Local\Programs\MiKTeX\tex\latex\amsmath\amsbsy.sty
Package: amsbsy 1999/11/29 v1.2d Bold Symbols
\pmbraise@=\dimen177
) (C:\Users\ISP-Karam\AppData\Local\Programs\MiKTeX\tex\latex\amsmath\amsopn.st
y
Package: amsopn 2016/03/08 v2.02 operator names
)
\inf@bad=\count142
LaTeX Info: Redefining \frac on input line 213.
\uproot@=\count143
\leftroot@=\count144
LaTeX Info: Redefining \overline on input line 375.
\classnum@=\count145
\DOTSCASE@=\count146
LaTeX Info: Redefining \ldots on input line 472.
LaTeX Info: Redefining \dots on input line 475.
LaTeX Info: Redefining \cdots on input line 596.
\Mathstrutbox@=\box51
\strutbox@=\box52
\big@size=\dimen178
LaTeX Font Info:    Redeclaring font encoding OML on input line 712.
LaTeX Font Info:    Redeclaring font encoding OMS on input line 713.
\macc@depth=\count147
\c@MaxMatrixCols=\count148
\dotsspace@=\muskip11
\c@parentequation=\count149
\dspbrk@lvl=\count150
\tag@help=\toks33
\row@=\count151
\column@=\count152
\maxfields@=\count153
\andhelp@=\toks34
\eqnshift@=\dimen179
\alignsep@=\dimen180
\tagshift@=\dimen181
\tagwidth@=\dimen182
\totwidth@=\dimen183
\lineht@=\dimen184
\@envbody=\toks35
\multlinegap=\skip52
\multlinetaggap=\skip53
\mathdisplay@stack=\toks36
LaTeX Info: Redefining \[ on input line 2817.
LaTeX Info: Redefining \] on input line 2818.
)
(C:\Users\ISP-Karam\AppData\Local\Programs\MiKTeX\tex\latex\amscls\amsthm.sty
Package: amsthm 2017/10/31 v2.20.4
\thm@style=\toks37
\thm@bodyfont=\toks38
\thm@headfont=\toks39
\thm@notefont=\toks40
\thm@headpunct=\toks41
\thm@preskip=\skip54
\thm@postskip=\skip55
\thm@headsep=\skip56
\dth@everypar=\toks42
)
\c@theorem=\count154
)
(C:\Users\ISP-Karam\AppData\Local\Programs\MiKTeX\tex\latex\beamer\beamerbaseth
emes.sty))
(C:\Users\ISP-Karam\AppData\Local\Programs\MiKTeX\tex\latex\beamer\beamerthemed
efault.sty
(C:\Users\ISP-Karam\AppData\Local\Programs\MiKTeX\tex\latex\beamer\beamerfontth
emedefault.sty)
(C:\Users\ISP-Karam\AppData\Local\Programs\MiKTeX\tex\latex\beamer\beamercolort
hemedefault.sty)
(C:\Users\ISP-Karam\AppData\Local\Programs\MiKTeX\tex\latex\beamer\beamerinnert
hemedefault.sty
\beamer@dima=\dimen185
\beamer@dimb=\dimen186
)
(C:\Users\ISP-Karam\AppData\Local\Programs\MiKTeX\tex\latex\beamer\beameroutert
hemedefault.sty)))
(C:\Users\ISP-Karam\AppData\Local\Programs\MiKTeX\tex\latex\algorithms\algorith
m.sty
Package: algorithm 2009/08/24 v0.1 Document Style `algorithm' - floating enviro
nment

(C:\Users\ISP-Karam\AppData\Local\Programs\MiKTeX\tex\latex\float\float.sty
Package: float 2001/11/08 v1.3d Float enhancements (AL)
\c@float@type=\count155
\float@exts=\toks43
\float@box=\box53
\@float@everytoks=\toks44
\@floatcapt=\box54
)
(C:\Users\ISP-Karam\AppData\Local\Programs\MiKTeX\tex\latex\base\ifthen.sty
Package: ifthen 2014/09/29 v1.1c Standard LaTeX ifthen package (DPC)
)
\@float@every@algorithm=\toks45
\c@algorithm=\count156
)
(C:\Users\ISP-Karam\AppData\Local\Programs\MiKTeX\tex\latex\algorithms\algorith
mic.sty
Package: algorithmic 2009/08/24 v0.1 Document Style `algorithmic'
\c@ALC@unique=\count157
\c@ALC@line=\count158
\c@ALC@rem=\count159
\c@ALC@depth=\count160
\ALC@tlm=\skip57
\algorithmicindent=\skip58
)
(C:\Users\ISP-Karam\AppData\Local\Programs\MiKTeX\tex\latex\lkproof\proof.sty
\inferLineSkip=\dimen187
\inferLabelSkip=\dimen188
\@LeftOffset=\dimen189
\@RightOffset=\dimen190
\@SavedLeftOffset=\dimen191
\UpperWidth=\dimen192
\LowerWidth=\dimen193
\LowerHeight=\dimen194
\UpperLeftOffset=\dimen195
\UpperRightOffset=\dimen196
\UpperCenter=\dimen197
\LowerCenter=\dimen198
\UpperAdjust=\dimen199
\RuleAdjust=\dimen256
\LowerAdjust=\dimen257
\RuleWidth=\dimen258
\HLabelAdjust=\dimen259
\VLabelAdjust=\dimen260
\WidthAdjust=\dimen261
\@UpperPart=\box55
\@LowerPart=\box56
\@LabelPart=\box57
\ResultBox=\box58
)
(C:\Users\ISP-Karam\AppData\Local\Programs\MiKTeX\tex\latex\mathpartir\mathpart
ir.sty
Package: mathpartir 2016/02/24 version 1.3.2 Math Paragraph for Typesetting Inf
erence Rules
\mpr@andskip=\skip59
\mpr@lista=\toks46
\mpr@listb=\toks47
\mpr@hlist=\box59
\mpr@vlist=\box60
\mpr@right=\box61
)
(C:\Users\ISP-Karam\AppData\Local\Programs\MiKTeX\tex\latex\eqparbox\eqparbox.s
ty
Package: eqparbox 2017/09/03 v4.1 Create equal-widthed boxes
\eqp@tempdima=\skip60
\eqp@tempdimb=\skip61
 (C:\Users\ISP-Karam\AppData\Local\Programs\MiKTeX\tex\latex\tools\array.sty
Package: array 2018/04/30 v2.4h Tabular extension package (FMi)
\col@sep=\dimen262
\ar@mcellbox=\box62
\extrarowheight=\dimen263
\NC@list=\toks48
\extratabsurround=\skip62
\backup@length=\skip63
\ar@cellbox=\box63
)
\eqp@tabular@box=\box64
\eqp@list@box=\box65
\eqp@list@indent=\skip64

(C:\Users\ISP-Karam\AppData\Local\Programs\MiKTeX\tex\latex\environ\environ.sty
Package: environ 2014/05/04 v0.3 A new way to define environments

(C:\Users\ISP-Karam\AppData\Local\Programs\MiKTeX\tex\latex\trimspaces\trimspac
es.sty
Package: trimspaces 2009/09/17 v1.1 Trim spaces around a token list
)))
(C:\Users\ISP-Karam\AppData\Local\Programs\MiKTeX\tex\latex\siunitx\siunitx.sty
(C:\Users\ISP-Karam\AppData\Local\Programs\MiKTeX\tex\latex\l3kernel\expl3.sty
Package: expl3 2018-08-23 L3 programming layer (loader) 

(C:\Users\ISP-Karam\AppData\Local\Programs\MiKTeX\tex\latex\l3kernel\expl3-code
.tex
Package: expl3 2018-08-23 L3 programming layer (code)
\c_max_int=\count161
\l_tmpa_int=\count162
\l_tmpb_int=\count163
\g_tmpa_int=\count164
\g_tmpb_int=\count165
\g__kernel_prg_map_int=\count166
\c_log_iow=\count167
\l_iow_line_count_int=\count168
\l__iow_line_target_int=\count169
\l__iow_one_indent_int=\count170
\l__iow_indent_int=\count171
\c_zero_dim=\dimen264
\c_max_dim=\dimen265
\l_tmpa_dim=\dimen266
\l_tmpb_dim=\dimen267
\g_tmpa_dim=\dimen268
\g_tmpb_dim=\dimen269
\c_zero_skip=\skip65
\c_max_skip=\skip66
\l_tmpa_skip=\skip67
\l_tmpb_skip=\skip68
\g_tmpa_skip=\skip69
\g_tmpb_skip=\skip70
\c_zero_muskip=\muskip12
\c_max_muskip=\muskip13
\l_tmpa_muskip=\muskip14
\l_tmpb_muskip=\muskip15
\g_tmpa_muskip=\muskip16
\g_tmpb_muskip=\muskip17
\l_keys_choice_int=\count172
\l__intarray_loop_int=\count173
\c__intarray_sp_dim=\dimen270
\g__intarray_font_int=\count174
\c__fp_leading_shift_int=\count175
\c__fp_middle_shift_int=\count176
\c__fp_trailing_shift_int=\count177
\c__fp_big_leading_shift_int=\count178
\c__fp_big_middle_shift_int=\count179
\c__fp_big_trailing_shift_int=\count180
\c__fp_Bigg_leading_shift_int=\count181
\c__fp_Bigg_middle_shift_int=\count182
\c__fp_Bigg_trailing_shift_int=\count183
\c__kernel_randint_max_int=\count184
\g__fp_array_int=\count185
\l__fp_array_loop_int=\count186
\l__sort_length_int=\count187
\l__sort_min_int=\count188
\l__sort_top_int=\count189
\l__sort_max_int=\count190
\l__sort_true_max_int=\count191
\l__sort_block_int=\count192
\l__sort_begin_int=\count193
\l__sort_end_int=\count194
\l__sort_A_int=\count195
\l__sort_B_int=\count196
\l__sort_C_int=\count197
\l__tl_analysis_normal_int=\count198
\l__tl_analysis_index_int=\count199
\l__tl_analysis_nesting_int=\count266
\l__tl_analysis_type_int=\count267
\l__regex_internal_a_int=\count268
\l__regex_internal_b_int=\count269
\l__regex_internal_c_int=\count270
\l__regex_balance_int=\count271
\l__regex_group_level_int=\count272
\l__regex_mode_int=\count273
\c__regex_cs_in_class_mode_int=\count274
\c__regex_cs_mode_int=\count275
\l__regex_catcodes_int=\count276
\l__regex_default_catcodes_int=\count277
\c__regex_catcode_D_int=\count278
\c__regex_catcode_S_int=\count279
\c__regex_catcode_L_int=\count280
\c__regex_catcode_O_int=\count281
\c__regex_catcode_A_int=\count282
\c__regex_all_catcodes_int=\count283
\l__regex_show_lines_int=\count284
\l__regex_min_state_int=\count285
\l__regex_max_state_int=\count286
\l__regex_left_state_int=\count287
\l__regex_right_state_int=\count288
\l__regex_capturing_group_int=\count289
\l__regex_min_pos_int=\count290
\l__regex_max_pos_int=\count291
\l__regex_curr_pos_int=\count292
\l__regex_start_pos_int=\count293
\l__regex_success_pos_int=\count294
\l__regex_curr_char_int=\count295
\l__regex_curr_catcode_int=\count296
\l__regex_last_char_int=\count297
\l__regex_case_changed_char_int=\count298
\l__regex_curr_state_int=\count299
\l__regex_step_int=\count300
\l__regex_min_active_int=\count301
\l__regex_max_active_int=\count302
\l__regex_replacement_csnames_int=\count303
\l__regex_match_count_int=\count304
\l__regex_min_submatch_int=\count305
\l__regex_submatch_int=\count306
\l__regex_zeroth_submatch_int=\count307
\g__regex_trace_regex_int=\count308
\c_empty_box=\box66
\l_tmpa_box=\box67
\l_tmpb_box=\box68
\g_tmpa_box=\box69
\g_tmpb_box=\box70
\l__box_top_dim=\dimen271
\l__box_bottom_dim=\dimen272
\l__box_left_dim=\dimen273
\l__box_right_dim=\dimen274
\l__box_top_new_dim=\dimen275
\l__box_bottom_new_dim=\dimen276
\l__box_left_new_dim=\dimen277
\l__box_right_new_dim=\dimen278
\l__box_internal_box=\box71
\l__coffin_internal_box=\box72
\l__coffin_internal_dim=\dimen279
\l__coffin_offset_x_dim=\dimen280
\l__coffin_offset_y_dim=\dimen281
\l__coffin_x_dim=\dimen282
\l__coffin_y_dim=\dimen283
\l__coffin_x_prime_dim=\dimen284
\l__coffin_y_prime_dim=\dimen285
\c_empty_coffin=\box73
\l__coffin_aligned_coffin=\box74
\l__coffin_aligned_internal_coffin=\box75
\l_tmpa_coffin=\box76
\l_tmpb_coffin=\box77
\l__coffin_display_coffin=\box78
\l__coffin_display_coord_coffin=\box79
\l__coffin_display_pole_coffin=\box80
\l__coffin_display_offset_dim=\dimen286
\l__coffin_display_x_dim=\dimen287
\l__coffin_display_y_dim=\dimen288
\g__file_internal_ior=\read2
\l__coffin_bounding_shift_dim=\dimen289
\l__coffin_left_corner_dim=\dimen290
\l__coffin_right_corner_dim=\dimen291
\l__coffin_bottom_corner_dim=\dimen292
\l__coffin_top_corner_dim=\dimen293
\l__coffin_scaled_total_height_dim=\dimen294
\l__coffin_scaled_width_dim=\dimen295
\l__seq_internal_a_int=\count309
\l__seq_internal_b_int=\count310
)
(C:\Users\ISP-Karam\AppData\Local\Programs\MiKTeX\tex\latex\l3kernel\l3pdfmode.
def
File: l3pdfmode.def 2018-08-23 v L3 Experimental driver: PDF mode
\l__driver_color_stack_int=\count311
))
(C:\Users\ISP-Karam\AppData\Local\Programs\MiKTeX\tex\latex\l3packages\xparse\x
parse.sty
Package: xparse 2018-08-23 L3 Experimental document command parser
\l__xparse_current_arg_int=\count312
\g__xparse_grabber_int=\count313
\l__xparse_m_args_int=\count314
\l__xparse_mandatory_args_int=\count315
\l__xparse_v_nesting_int=\count316
)
Package: siunitx 2018/05/17 v2.7s A comprehensive (SI) units package

(C:\Users\ISP-Karam\AppData\Local\Programs\MiKTeX\tex\latex\l3packages\l3keys2e
\l3keys2e.sty
Package: l3keys2e 2018-08-23 LaTeX2e option processing using LaTeX3 keys
)
\l__siunitx_tmp_box=\box81
\l__siunitx_tmp_dim=\dimen296
\l__siunitx_tmp_int=\count317
\l__siunitx_number_mantissa_length_int=\count318
\l__siunitx_number_uncert_length_int=\count319
\l__siunitx_round_int=\count320
\l__siunitx_process_decimal_int=\count321
\l__siunitx_process_uncertainty_int=\count322
\l__siunitx_process_fixed_int=\count323
\l__siunitx_process_integer_min_int=\count324
\l__siunitx_process_precision_int=\count325
\l__siunitx_group_min_int=\count326
\l__siunitx_angle_marker_box=\box82
\l__siunitx_angle_unit_box=\box83
\l__siunitx_angle_marker_dim=\dimen297
\l__siunitx_angle_unit_dim=\dimen298
\l__siunitx_unit_int=\count327
\l__siunitx_unit_denominator_int=\count328
\l__siunitx_unit_numerator_int=\count329
\l__siunitx_unit_prefix_int=\count330
\l__siunitx_unit_prefix_base_int=\count331
\l__siunitx_unit_prefix_gram_int=\count332
\l__siunitx_number_product_int=\count333
\c__siunitx_one_fill_skip=\skip71
\l__siunitx_table_unit_align_skip=\skip72
\l__siunitx_table_exponent_dim=\dimen299
\l__siunitx_table_integer_dim=\dimen300
\l__siunitx_table_mantissa_dim=\dimen301
\l__siunitx_table_marker_dim=\dimen302
\l__siunitx_table_result_dim=\dimen303
\l__siunitx_table_uncert_dim=\dimen304
\l__siunitx_table_fill_pre_dim=\dimen305
\l__siunitx_table_fill_post_dim=\dimen306
\l__siunitx_table_fill_mid_dim=\dimen307
\l__siunitx_table_pre_box=\box84
\l__siunitx_table_post_box=\box85
\l__siunitx_table_mantissa_box=\box86
\l__siunitx_table_result_box=\box87
\l__siunitx_table_number_align_skip=\skip73
\l__siunitx_table_text_align_skip=\skip74
.................................................
. LaTeX info: "xparse/define-command"
. 
. Defining command \DeclareBinaryPrefix with sig. 'mmm' on line 7237.
.................................................
.................................................
. LaTeX info: "xparse/define-command"
. 
. Defining command \DeclareSIPostPower with sig. 'mm' on line 7240.
.................................................
.................................................
. LaTeX info: "xparse/define-command"
. 
. Defining command \DeclareSIPrefix with sig. 'mmm' on line 7243.
.................................................
.................................................
. LaTeX info: "xparse/define-command"
. 
. Defining command \DeclareSIPrePower with sig. 'mm' on line 7246.
.................................................
.................................................
. LaTeX info: "xparse/define-command"
. 
. Defining command \DeclareSIQualifier with sig. 'mm' on line 7249.
.................................................
.................................................
. LaTeX info: "xparse/define-command"
. 
. Defining command \DeclareSIUnit with sig. 'O{}mm' on line 7252.
.................................................
.................................................
. LaTeX info: "xparse/define-command"
. 
. Defining command \DeclareSIUnitWithOptions with sig. 'mmm' on line 7255.
.................................................
.................................................
. LaTeX info: "xparse/define-command"
. 
. Defining command \ang with sig. 'o>{\SplitArgument {2}{;}}m' on line 7270.
.................................................
.................................................
. LaTeX info: "xparse/define-command"
. 
. Defining command \num with sig. 'om' on line 7279.
.................................................
.................................................
. LaTeX info: "xparse/define-command"
. 
. Defining command \numlist with sig. 'o>{\SplitList {;}}m' on line 7288.
.................................................
.................................................
. LaTeX info: "xparse/define-command"
. 
. Defining command \numrange with sig. 'omm' on line 7297.
.................................................
.................................................
. LaTeX info: "xparse/define-command"
. 
. Defining command \SIlist with sig. 'o>{\SplitList {;}}mm' on line 7309.
.................................................
.................................................
. LaTeX info: "xparse/define-command"
. 
. Defining command \SIrange with sig. 'ommm' on line 7321.
.................................................
.................................................
. LaTeX info: "xparse/define-command"
. 
. Defining command \SI with sig. 'omom' on line 7333.
.................................................
.................................................
. LaTeX info: "xparse/define-command"
. 
. Defining command \sisetup with sig. 'm' on line 7336.
.................................................
.................................................
. LaTeX info: "xparse/define-command"
. 
. Defining command \tablenum with sig. 'om' on line 7351.
.................................................
.................................................
. LaTeX info: "xparse/define-command"
. 
. Defining command \si with sig. 'om' on line 7363.
.................................................
.................................................
. LaTeX info: "xparse/define-command"
. 
. Defining command \numInBookmark with sig. 'om' on line 7410.
.................................................
.................................................
. LaTeX info: "xparse/define-command"
. 
. Defining command \numrangeInBookmark with sig. 'omm' on line 7412.
.................................................
.................................................
. LaTeX info: "xparse/define-command"
. 
. Defining command \SIInBookmark with sig. 'omom' on line 7414.
.................................................
.................................................
. LaTeX info: "xparse/define-command"
. 
. Defining command \SIlistInBookmark with sig. 'omm' on line 7416.
.................................................
.................................................
. LaTeX info: "xparse/define-command"
. 
. Defining command \SIrangeInBookmark with sig. 'ommm' on line 7418.
.................................................
.................................................
. LaTeX info: "xparse/define-command"
. 
. Defining command \siInBookmark with sig. 'om' on line 7419.
.................................................
)
(C:\Users\ISP-Karam\AppData\Local\Programs\MiKTeX\tex\latex\base\fontenc.sty
Package: fontenc 2017/04/05 v2.0i Standard LaTeX package

(C:\Users\ISP-Karam\AppData\Local\Programs\MiKTeX\tex\latex\base\t1enc.def
File: t1enc.def 2017/04/05 v2.0i Standard LaTeX file
LaTeX Font Info:    Redeclaring font encoding T1 on input line 48.
))
(C:\Users\ISP-Karam\AppData\Local\Programs\MiKTeX\tex\latex\base\inputenc.sty
Package: inputenc 2018/04/06 v1.3b Input encoding file
\inpenc@prehook=\toks49
\inpenc@posthook=\toks50
)
(C:\Users\ISP-Karam\AppData\Local\Programs\MiKTeX\tex\generic\babel\babel.sty
Package: babel 2018/09/02 3.23 The Babel package

(C:\Users\ISP-Karam\AppData\Local\Programs\MiKTeX\tex\generic\babel\switch.def
File: switch.def 2018/09/02 3.23 Babel switching mechanism
)
*************************************
* Local config file bblopts.cfg used
*
(C:\Users\ISP-Karam\AppData\Local\Programs\MiKTeX\tex\latex\arabi\bblopts.cfg
File: bblopts.cfg 2005/09/08 v0.1 add Arabic and Farsi to "declared" options of
 babel
)
(C:\Users\ISP-Karam\AppData\Local\Programs\MiKTeX\tex\latex\babel-english\engli
sh.ldf
Language: english 2017/06/06 v3.3r English support from the babel system

(C:\Users\ISP-Karam\AppData\Local\Programs\MiKTeX\tex\generic\babel\babel.def
File: babel.def 2018/09/02 3.23 Babel common definitions
\babel@savecnt=\count334
\U@D=\dimen308

(C:\Users\ISP-Karam\AppData\Local\Programs\MiKTeX\tex\generic\babel\txtbabel.de
f)
LaTeX Info: Redefining \textlatin on input line 1933.
\bbl@dirlevel=\count335
)
\l@canadian = a dialect from \language\l@american 
\l@australian = a dialect from \language\l@british 
\l@newzealand = a dialect from \language\l@british 
)) (beamerthemeHLISP.sty
Package: beamerthemeHLISP  2014/03/17 v0.2 beamer color theme in the corporate 
design of the institute for software engineering at the university of luebeck

(C:\Users\ISP-Karam\AppData\Local\Programs\MiKTeX\tex\latex\tools\calc.sty
Package: calc 2017/05/25 v4.3 Infix arithmetic (KKT,FJ)
\calc@Acount=\count336
\calc@Bcount=\count337
\calc@Adimen=\dimen309
\calc@Bdimen=\dimen310
\calc@Askip=\skip75
\calc@Bskip=\skip76
LaTeX Info: Redefining \setlength on input line 80.
LaTeX Info: Redefining \addtolength on input line 81.
\calc@Ccount=\count338
\calc@Cskip=\skip77
)
(beamercolorthemeHLISP.sty
Package: beamercolorthemeHLISP 2010/12/10 v1.0 beamer color theme in the corpor
ate design of the University of Luebeck
)
(C:\Users\ISP-Karam\AppData\Local\Programs\MiKTeX\tex\latex\psnfss\palatino.sty
Package: palatino 2005/04/12 PSNFSS-v9.2a (SPQR) 
)
(C:\Users\ISP-Karam\AppData\Local\Programs\MiKTeX\tex\latex\beamer\beamerfontth
emeserif.sty)
(C:\Users\ISP-Karam\AppData\Local\Programs\MiKTeX\tex\latex\setspace\setspace.s
ty
Package: setspace 2011/12/19 v6.7a set line spacing
))
(C:\Users\ISP-Karam\AppData\Local\Programs\MiKTeX\tex\latex\pgf\frontendlayer\t
ikz.sty
(C:\Users\ISP-Karam\AppData\Local\Programs\MiKTeX\tex\latex\pgf\basiclayer\pgf.
sty
Package: pgf 2015/08/07 v3.0.1a (rcs-revision 1.15)

(C:\Users\ISP-Karam\AppData\Local\Programs\MiKTeX\tex\generic\pgf\modules\pgfmo
duleshapes.code.tex
File: pgfmoduleshapes.code.tex 2014/03/21  (rcs-revision 1.35)
\pgfnodeparttextbox=\box88
)
(C:\Users\ISP-Karam\AppData\Local\Programs\MiKTeX\tex\generic\pgf\modules\pgfmo
duleplot.code.tex
File: pgfmoduleplot.code.tex 2015/08/03  (rcs-revision 1.13)
)
(C:\Users\ISP-Karam\AppData\Local\Programs\MiKTeX\tex\latex\pgf\compatibility\p
gfcomp-version-0-65.sty
Package: pgfcomp-version-0-65 2007/07/03 v3.0.1a (rcs-revision 1.7)
\pgf@nodesepstart=\dimen311
\pgf@nodesepend=\dimen312
)
(C:\Users\ISP-Karam\AppData\Local\Programs\MiKTeX\tex\latex\pgf\compatibility\p
gfcomp-version-1-18.sty
Package: pgfcomp-version-1-18 2007/07/23 v3.0.1a (rcs-revision 1.1)
))
(C:\Users\ISP-Karam\AppData\Local\Programs\MiKTeX\tex\latex\pgf\utilities\pgffo
r.sty
(C:\Users\ISP-Karam\AppData\Local\Programs\MiKTeX\tex\latex\pgf\utilities\pgfke
ys.sty
(C:\Users\ISP-Karam\AppData\Local\Programs\MiKTeX\tex\generic\pgf\utilities\pgf
keys.code.tex))
(C:\Users\ISP-Karam\AppData\Local\Programs\MiKTeX\tex\latex\pgf\math\pgfmath.st
y
(C:\Users\ISP-Karam\AppData\Local\Programs\MiKTeX\tex\generic\pgf\math\pgfmath.
code.tex))
(C:\Users\ISP-Karam\AppData\Local\Programs\MiKTeX\tex\generic\pgf\utilities\pgf
for.code.tex
Package: pgffor 2013/12/13 v3.0.1a (rcs-revision 1.25)

(C:\Users\ISP-Karam\AppData\Local\Programs\MiKTeX\tex\generic\pgf\math\pgfmath.
code.tex)
\pgffor@iter=\dimen313
\pgffor@skip=\dimen314
\pgffor@stack=\toks51
\pgffor@toks=\toks52
))
(C:\Users\ISP-Karam\AppData\Local\Programs\MiKTeX\tex\generic\pgf\frontendlayer
\tikz\tikz.code.tex
Package: tikz 2015/08/07 v3.0.1a (rcs-revision 1.151)

(C:\Users\ISP-Karam\AppData\Local\Programs\MiKTeX\tex\generic\pgf\libraries\pgf
libraryplothandlers.code.tex
File: pgflibraryplothandlers.code.tex 2013/08/31 v3.0.1a (rcs-revision 1.20)
\pgf@plot@mark@count=\count339
\pgfplotmarksize=\dimen315
)
\tikz@lastx=\dimen316
\tikz@lasty=\dimen317
\tikz@lastxsaved=\dimen318
\tikz@lastysaved=\dimen319
\tikzleveldistance=\dimen320
\tikzsiblingdistance=\dimen321
\tikz@figbox=\box89
\tikz@figbox@bg=\box90
\tikz@tempbox=\box91
\tikz@tempbox@bg=\box92
\tikztreelevel=\count340
\tikznumberofchildren=\count341
\tikznumberofcurrentchild=\count342
\tikz@fig@count=\count343

(C:\Users\ISP-Karam\AppData\Local\Programs\MiKTeX\tex\generic\pgf\modules\pgfmo
dulematrix.code.tex
File: pgfmodulematrix.code.tex 2013/09/17  (rcs-revision 1.8)
\pgfmatrixcurrentrow=\count344
\pgfmatrixcurrentcolumn=\count345
\pgf@matrix@numberofcolumns=\count346
)
\tikz@expandcount=\count347

(C:\Users\ISP-Karam\AppData\Local\Programs\MiKTeX\tex\generic\pgf\frontendlayer
\tikz\libraries\tikzlibrarytopaths.code.tex
File: tikzlibrarytopaths.code.tex 2008/06/17 v3.0.1a (rcs-revision 1.2)
))) (jorgensen.aux)
\openout1 = `jorgensen.aux'.

LaTeX Font Info:    Checking defaults for OML/cmm/m/it on input line 41.
LaTeX Font Info:    ... okay on input line 41.
LaTeX Font Info:    Checking defaults for T1/cmr/m/n on input line 41.
LaTeX Font Info:    ... okay on input line 41.
LaTeX Font Info:    Checking defaults for OT1/cmr/m/n on input line 41.
LaTeX Font Info:    ... okay on input line 41.
LaTeX Font Info:    Checking defaults for OMS/cmsy/m/n on input line 41.
LaTeX Font Info:    ... okay on input line 41.
LaTeX Font Info:    Checking defaults for OMX/cmex/m/n on input line 41.
LaTeX Font Info:    ... okay on input line 41.
LaTeX Font Info:    Checking defaults for U/cmr/m/n on input line 41.
LaTeX Font Info:    ... okay on input line 41.
LaTeX Font Info:    Checking defaults for PD1/pdf/m/n on input line 41.
LaTeX Font Info:    ... okay on input line 41.
LaTeX Font Info:    Try loading font information for T1+phv on input line 41.

(C:\Users\ISP-Karam\AppData\Local\Programs\MiKTeX\tex\latex\psnfss\t1phv.fd
File: t1phv.fd 2001/06/04 scalable font definitions for T1/phv.
)
*geometry* driver: auto-detecting
*geometry* detected driver: pdftex
*geometry* verbose mode - [ preamble ] result:
* driver: pdftex
* paper: custom
* layout: <same size as paper>
* layoutoffset:(h,v)=(0.0pt,0.0pt)
* modes: includehead includefoot 
* h-part:(L,W,R)=(28.45274pt, 307.28987pt, 28.45274pt)
* v-part:(T,H,B)=(0.0pt, 273.14662pt, 0.0pt)
* \paperwidth=364.19536pt
* \paperheight=273.14662pt
* \textwidth=307.28987pt
* \textheight=244.6939pt
* \oddsidemargin=-43.81725pt
* \evensidemargin=-43.81725pt
* \topmargin=-72.26999pt
* \headheight=14.22636pt
* \headsep=0.0pt
* \topskip=9.0pt
* \footskip=14.22636pt
* \marginparwidth=4.0pt
* \marginparsep=10.0pt
* \columnsep=10.0pt
* \skip\footins=8.0pt plus 4.0pt minus 2.0pt
* \hoffset=0.0pt
* \voffset=0.0pt
* \mag=1000
* \@twocolumnfalse
* \@twosidefalse
* \@mparswitchfalse
* \@reversemarginfalse
* (1in=72.27pt=25.4mm, 1cm=28.453pt)


(C:\Users\ISP-Karam\AppData\Local\Programs\MiKTeX\tex\context\base\supp-pdf.mki
i
[Loading MPS to PDF converter (version 2006.09.02).]
\scratchcounter=\count348
\scratchdimen=\dimen322
\scratchbox=\box93
\nofMPsegments=\count349
\nofMParguments=\count350
\everyMPshowfont=\toks53
\MPscratchCnt=\count351
\MPscratchDim=\dimen323
\MPnumerator=\count352
\makeMPintoPDFobject=\count353
\everyMPtoPDFconversion=\toks54
)
(C:\Users\ISP-Karam\AppData\Local\Programs\MiKTeX\tex\latex\oberdiek\epstopdf-b
ase.sty
Package: epstopdf-base 2016/05/15 v2.6 Base part for package epstopdf

(C:\Users\ISP-Karam\AppData\Local\Programs\MiKTeX\tex\latex\oberdiek\grfext.sty
Package: grfext 2016/05/16 v1.2 Manage graphics extensions (HO)
)
Package epstopdf-base Info: Redefining graphics rule for `.eps' on input line 4
38.
Package grfext Info: Graphics extension search list:
(grfext)             [.pdf,.png,.jpg,.mps,.jpeg,.jbig2,.jb2,.PDF,.PNG,.JPG,.JPE
G,.JBIG2,.JB2,.eps]
(grfext)             \AppendGraphicsExtensions on input line 456.
) ABD: EveryShipout initializing macros
\AtBeginShipoutBox=\box94
Package hyperref Info: Link coloring OFF on input line 41.

(C:\Users\ISP-Karam\AppData\Local\Programs\MiKTeX\tex\latex\hyperref\nameref.st
y
Package: nameref 2016/05/21 v2.44 Cross-referencing by name of section

(C:\Users\ISP-Karam\AppData\Local\Programs\MiKTeX\tex\generic\oberdiek\gettitle
string.sty
Package: gettitlestring 2016/05/16 v1.5 Cleanup title references (HO)
)
\c@section@level=\count354
)
LaTeX Info: Redefining \ref on input line 41.
LaTeX Info: Redefining \pageref on input line 41.
LaTeX Info: Redefining \nameref on input line 41.
 (jorgensen.out) (jorgensen.out)
\@outlinefile=\write5
\openout5 = `jorgensen.out'.

\symnumbers=\mathgroup6
\sympureletters=\mathgroup7
LaTeX Font Info:    Overwriting math alphabet `\mathrm' in version `normal'
(Font)                  OT1/cmr/m/n --> T1/ppl/m/n on input line 41.
LaTeX Font Info:    Redeclaring math alphabet \mathbf on input line 41.
LaTeX Font Info:    Overwriting math alphabet `\mathbf' in version `normal'
(Font)                  OT1/cmr/bx/n --> T1/ppl/bx/n on input line 41.
LaTeX Font Info:    Overwriting math alphabet `\mathbf' in version `bold'
(Font)                  OT1/cmr/bx/n --> T1/ppl/bx/n on input line 41.
LaTeX Font Info:    Redeclaring math alphabet \mathsf on input line 41.
LaTeX Font Info:    Overwriting math alphabet `\mathsf' in version `normal'
(Font)                  OT1/cmss/m/n --> T1/phv/m/n on input line 41.
LaTeX Font Info:    Overwriting math alphabet `\mathsf' in version `bold'
(Font)                  OT1/cmss/bx/n --> T1/phv/m/n on input line 41.
LaTeX Font Info:    Redeclaring math alphabet \mathit on input line 41.
LaTeX Font Info:    Overwriting math alphabet `\mathit' in version `normal'
(Font)                  OT1/cmr/m/it --> T1/ppl/m/it on input line 41.
LaTeX Font Info:    Overwriting math alphabet `\mathit' in version `bold'
(Font)                  OT1/cmr/bx/it --> T1/ppl/m/it on input line 41.
LaTeX Font Info:    Redeclaring math alphabet \mathtt on input line 41.
LaTeX Font Info:    Overwriting math alphabet `\mathtt' in version `normal'
(Font)                  OT1/cmtt/m/n --> T1/pcr/m/n on input line 41.
LaTeX Font Info:    Overwriting math alphabet `\mathtt' in version `bold'
(Font)                  OT1/cmtt/m/n --> T1/pcr/m/n on input line 41.
LaTeX Font Info:    Overwriting symbol font `numbers' in version `bold'
(Font)                  T1/ppl/m/n --> T1/ppl/bx/n on input line 41.
LaTeX Font Info:    Overwriting symbol font `pureletters' in version `bold'
(Font)                  T1/ppl/m/it --> T1/ppl/bx/it on input line 41.
LaTeX Font Info:    Overwriting math alphabet `\mathrm' in version `bold'
(Font)                  OT1/cmr/bx/n --> T1/ppl/bx/n on input line 41.
LaTeX Font Info:    Overwriting math alphabet `\mathbf' in version `bold'
(Font)                  T1/ppl/bx/n --> T1/ppl/bx/n on input line 41.
LaTeX Font Info:    Overwriting math alphabet `\mathsf' in version `bold'
(Font)                  T1/phv/m/n --> T1/phv/bx/n on input line 41.
LaTeX Font Info:    Overwriting math alphabet `\mathit' in version `bold'
(Font)                  T1/ppl/m/it --> T1/ppl/bx/it on input line 41.
LaTeX Font Info:    Overwriting math alphabet `\mathtt' in version `bold'
(Font)                  T1/pcr/m/n --> T1/pcr/bx/n on input line 41.

(C:\Users\ISP-Karam\AppData\Local\Programs\MiKTeX\tex\latex\translator\translat
or-basic-dictionary-English.dict
Dictionary: translator-basic-dictionary, Language: English 
)
(C:\Users\ISP-Karam\AppData\Local\Programs\MiKTeX\tex\latex\translator\translat
or-bibliography-dictionary-English.dict
Dictionary: translator-bibliography-dictionary, Language: English 
)
(C:\Users\ISP-Karam\AppData\Local\Programs\MiKTeX\tex\latex\translator\translat
or-environment-dictionary-English.dict
Dictionary: translator-environment-dictionary, Language: English 
)
(C:\Users\ISP-Karam\AppData\Local\Programs\MiKTeX\tex\latex\translator\translat
or-months-dictionary-English.dict
Dictionary: translator-months-dictionary, Language: English 
)
(C:\Users\ISP-Karam\AppData\Local\Programs\MiKTeX\tex\latex\translator\translat
or-numbers-dictionary-English.dict
Dictionary: translator-numbers-dictionary, Language: English 
)
(C:\Users\ISP-Karam\AppData\Local\Programs\MiKTeX\tex\latex\translator\translat
or-theorem-dictionary-English.dict
Dictionary: translator-theorem-dictionary, Language: English 
)
Now handling font encoding TS1 ...
... processing UTF-8 mapping file for font encoding TS1

(C:\Users\ISP-Karam\AppData\Local\Programs\MiKTeX\tex\latex\base\ts1enc.dfu
File: ts1enc.dfu 2018/04/05 v1.2c UTF-8 support for inputenc
   defining Unicode char U+00A2 (decimal 162)
   defining Unicode char U+00A3 (decimal 163)
   defining Unicode char U+00A4 (decimal 164)
   defining Unicode char U+00A5 (decimal 165)
   defining Unicode char U+00A6 (decimal 166)
   defining Unicode char U+00A7 (decimal 167)
   defining Unicode char U+00A8 (decimal 168)
   defining Unicode char U+00A9 (decimal 169)
   defining Unicode char U+00AA (decimal 170)
   defining Unicode char U+00AC (decimal 172)
   defining Unicode char U+00AE (decimal 174)
   defining Unicode char U+00AF (decimal 175)
   defining Unicode char U+00B0 (decimal 176)
   defining Unicode char U+00B1 (decimal 177)
   defining Unicode char U+00B2 (decimal 178)
   defining Unicode char U+00B3 (decimal 179)
   defining Unicode char U+00B4 (decimal 180)
   defining Unicode char U+00B5 (decimal 181)
   defining Unicode char U+00B6 (decimal 182)
   defining Unicode char U+00B7 (decimal 183)
   defining Unicode char U+00B9 (decimal 185)
   defining Unicode char U+00BA (decimal 186)
   defining Unicode char U+00BC (decimal 188)
   defining Unicode char U+00BD (decimal 189)
   defining Unicode char U+00BE (decimal 190)
   defining Unicode char U+00D7 (decimal 215)
   defining Unicode char U+00F7 (decimal 247)
   defining Unicode char U+0192 (decimal 402)
   defining Unicode char U+02C7 (decimal 711)
   defining Unicode char U+02D8 (decimal 728)
   defining Unicode char U+02DD (decimal 733)
   defining Unicode char U+0E3F (decimal 3647)
   defining Unicode char U+2016 (decimal 8214)
   defining Unicode char U+2020 (decimal 8224)
   defining Unicode char U+2021 (decimal 8225)
   defining Unicode char U+2022 (decimal 8226)
   defining Unicode char U+2030 (decimal 8240)
   defining Unicode char U+2031 (decimal 8241)
   defining Unicode char U+203B (decimal 8251)
   defining Unicode char U+203D (decimal 8253)
   defining Unicode char U+2044 (decimal 8260)
   defining Unicode char U+204E (decimal 8270)
   defining Unicode char U+2052 (decimal 8274)
   defining Unicode char U+20A1 (decimal 8353)
   defining Unicode char U+20A4 (decimal 8356)
   defining Unicode char U+20A6 (decimal 8358)
   defining Unicode char U+20A9 (decimal 8361)
   defining Unicode char U+20AB (decimal 8363)
   defining Unicode char U+20AC (decimal 8364)
   defining Unicode char U+20B1 (decimal 8369)
   defining Unicode char U+2103 (decimal 8451)
   defining Unicode char U+2116 (decimal 8470)
   defining Unicode char U+2117 (decimal 8471)
   defining Unicode char U+211E (decimal 8478)
   defining Unicode char U+2120 (decimal 8480)
   defining Unicode char U+2122 (decimal 8482)
   defining Unicode char U+2126 (decimal 8486)
   defining Unicode char U+2127 (decimal 8487)
   defining Unicode char U+212E (decimal 8494)
   defining Unicode char U+2190 (decimal 8592)
   defining Unicode char U+2191 (decimal 8593)
   defining Unicode char U+2192 (decimal 8594)
   defining Unicode char U+2193 (decimal 8595)
   defining Unicode char U+2329 (decimal 9001)
   defining Unicode char U+232A (decimal 9002)
   defining Unicode char U+2422 (decimal 9250)
   defining Unicode char U+25E6 (decimal 9702)
   defining Unicode char U+25EF (decimal 9711)
   defining Unicode char U+266A (decimal 9834)
   defining Unicode char U+FEFF (decimal 65279)
)
(C:\Users\ISP-Karam\AppData\Local\Programs\MiKTeX\tex\latex\siunitx\siunitx-abb
reviations.cfg
File: siunitx-abbreviations.cfg 2017/11/26 v2.7k siunitx: Abbreviated units
) (jorgensen.nav)
<isp_uni_en_for.pdf, id=13, 301.125pt x 61.831pt>
File: isp_uni_en_for.pdf Graphic file (type pdf)
<use isp_uni_en_for.pdf>
Package pdftex.def Info: isp_uni_en_for.pdf  used on input line 41.
(pdftex.def)             Requested size: 121.75278pt x 25.0pt.
<isp.pdf, id=14, 41.22237pt x 36.33113pt>
File: isp.pdf Graphic file (type pdf)
<use isp.pdf>
Package pdftex.def Info: isp.pdf  used on input line 41.
(pdftex.def)             Requested size: 20.0pt x 17.62721pt.
LaTeX Font Info:    Try loading font information for U+msa on input line 41.

(C:\Users\ISP-Karam\AppData\Local\Programs\MiKTeX\tex\latex\amsfonts\umsa.fd
File: umsa.fd 2013/01/14 v3.01 AMS symbols A
)
LaTeX Font Info:    Try loading font information for U+msb on input line 41.

(C:\Users\ISP-Karam\AppData\Local\Programs\MiKTeX\tex\latex\amsfonts\umsb.fd
File: umsb.fd 2013/01/14 v3.01 AMS symbols B
)
LaTeX Font Info:    Try loading font information for T1+ppl on input line 41.

(C:\Users\ISP-Karam\AppData\Local\Programs\MiKTeX\tex\latex\psnfss\t1ppl.fd
File: t1ppl.fd 2001/06/04 font definitions for T1/ppl.
)
LaTeX Font Info:    Try loading font information for T1+pcr on input line 41.

(C:\Users\ISP-Karam\AppData\Local\Programs\MiKTeX\tex\latex\psnfss\t1pcr.fd
File: t1pcr.fd 2001/06/04 font definitions for T1/pcr.
)
File: isp_uni_en_for.pdf Graphic file (type pdf)
<use isp_uni_en_for.pdf>
Package pdftex.def Info: isp_uni_en_for.pdf  used on input line 43.
(pdftex.def)             Requested size: 121.75278pt x 25.0pt.
File: isp.pdf Graphic file (type pdf)
<use isp.pdf>
Package pdftex.def Info: isp.pdf  used on input line 43.
(pdftex.def)             Requested size: 20.0pt x 17.62721pt.

[1

{C:/Users/ISP-Karam/AppData/Local/MiKTeX/2.9/pdftex/config/pdftex.map} <./isp_u
ni_en_for.pdf> <./isp.pdf

pdfTeX warning: pdflatex.exe (file ./isp.pdf): PDF inclusion: multiple pdfs wit
h page group included in a single page
>]
LaTeX Font Info:    Font shape `T1/phv/bx/n' in size <9> not available
(Font)              Font shape `T1/phv/b/n' tried instead on input line 58.
File: isp_uni_en_for.pdf Graphic file (type pdf)
<use isp_uni_en_for.pdf>
Package pdftex.def Info: isp_uni_en_for.pdf  used on input line 58.
(pdftex.def)             Requested size: 121.75278pt x 25.0pt.
File: isp.pdf Graphic file (type pdf)
<use isp.pdf>
Package pdftex.def Info: isp.pdf  used on input line 58.
(pdftex.def)             Requested size: 20.0pt x 17.62721pt.
 [2

]
<class.png, id=35, 494.59781pt x 282.30469pt>
File: class.png Graphic file (type png)
<use class.png>
Package pdftex.def Info: class.png  used on input line 63.
(pdftex.def)             Requested size: 272.02963pt x 155.26805pt.
File: isp_uni_en_for.pdf Graphic file (type pdf)
<use isp_uni_en_for.pdf>
Package pdftex.def Info: isp_uni_en_for.pdf  used on input line 63.
(pdftex.def)             Requested size: 121.75278pt x 25.0pt.
File: isp.pdf Graphic file (type pdf)
<use isp.pdf>
Package pdftex.def Info: isp.pdf  used on input line 63.
(pdftex.def)             Requested size: 20.0pt x 17.62721pt.
 [3

 <./class.png>]
<jorgensen.png, id=42, 677.53125pt x 279.29344pt>
File: jorgensen.png Graphic file (type png)
<use jorgensen.png>
Package pdftex.def Info: jorgensen.png  used on input line 68.
(pdftex.def)             Requested size: 338.76479pt x 139.64638pt.

Overfull \hbox (31.47491pt too wide) in paragraph at lines 68--68
[][]  
 []

File: isp_uni_en_for.pdf Graphic file (type pdf)
<use isp_uni_en_for.pdf>
Package pdftex.def Info: isp_uni_en_for.pdf  used on input line 68.
(pdftex.def)             Requested size: 121.75278pt x 25.0pt.
File: isp.pdf Graphic file (type pdf)
<use isp.pdf>
Package pdftex.def Info: isp.pdf  used on input line 68.
(pdftex.def)             Requested size: 20.0pt x 17.62721pt.
[4

 <./jorgensen.png>]
<sdl.png, id=49, 471.26062pt x 280.04625pt>
File: sdl.png Graphic file (type png)
<use sdl.png>
Package pdftex.def Info: sdl.png  used on input line 75.
(pdftex.def)             Requested size: 282.75856pt x 168.02904pt.
File: isp_uni_en_for.pdf Graphic file (type pdf)
<use isp_uni_en_for.pdf>
Package pdftex.def Info: isp_uni_en_for.pdf  used on input line 75.
(pdftex.def)             Requested size: 121.75278pt x 25.0pt.
File: isp.pdf Graphic file (type pdf)
<use isp.pdf>
Package pdftex.def Info: isp.pdf  used on input line 75.
(pdftex.def)             Requested size: 20.0pt x 17.62721pt.
 [5

 <./sdl.png>]

LaTeX Warning: Citation `von1951deontic' on page 6 undefined on input line 91.

File: isp_uni_en_for.pdf Graphic file (type pdf)
<use isp_uni_en_for.pdf>
Package pdftex.def Info: isp_uni_en_for.pdf  used on input line 91.
(pdftex.def)             Requested size: 121.75278pt x 25.0pt.
File: isp.pdf Graphic file (type pdf)
<use isp.pdf>
Package pdftex.def Info: isp.pdf  used on input line 91.
(pdftex.def)             Requested size: 20.0pt x 17.62721pt.
[6

]
<table.jpg, id=65, 170.88844pt x 130.98938pt>
File: table.jpg Graphic file (type jpg)
<use table.jpg>
Package pdftex.def Info: table.jpg  used on input line 102.
(pdftex.def)             Requested size: 102.53384pt x 78.59422pt.
File: isp_uni_en_for.pdf Graphic file (type pdf)
<use isp_uni_en_for.pdf>
Package pdftex.def Info: isp_uni_en_for.pdf  used on input line 102.
(pdftex.def)             Requested size: 121.75278pt x 25.0pt.
File: isp.pdf Graphic file (type pdf)
<use isp.pdf>
Package pdftex.def Info: isp.pdf  used on input line 102.
(pdftex.def)             Requested size: 20.0pt x 17.62721pt.
 [7

 <./table.jpg>]
File: isp_uni_en_for.pdf Graphic file (type pdf)
<use isp_uni_en_for.pdf>
Package pdftex.def Info: isp_uni_en_for.pdf  used on input line 121.
(pdftex.def)             Requested size: 121.75278pt x 25.0pt.
File: isp.pdf Graphic file (type pdf)
<use isp.pdf>
Package pdftex.def Info: isp.pdf  used on input line 121.
(pdftex.def)             Requested size: 20.0pt x 17.62721pt.
 [8

]
LaTeX Font Info:    Font shape `T1/phv/m/it' in size <9> not available
(Font)              Font shape `T1/phv/m/sl' tried instead on input line 133.
File: isp_uni_en_for.pdf Graphic file (type pdf)
<use isp_uni_en_for.pdf>
Package pdftex.def Info: isp_uni_en_for.pdf  used on input line 133.
(pdftex.def)             Requested size: 121.75278pt x 25.0pt.
File: isp.pdf Graphic file (type pdf)
<use isp.pdf>
Package pdftex.def Info: isp.pdf  used on input line 133.
(pdftex.def)             Requested size: 20.0pt x 17.62721pt.
 [9

]
File: isp_uni_en_for.pdf Graphic file (type pdf)
<use isp_uni_en_for.pdf>
Package pdftex.def Info: isp_uni_en_for.pdf  used on input line 143.
(pdftex.def)             Requested size: 121.75278pt x 25.0pt.
File: isp.pdf Graphic file (type pdf)
<use isp.pdf>
Package pdftex.def Info: isp.pdf  used on input line 143.
(pdftex.def)             Requested size: 20.0pt x 17.62721pt.
 [10

]
<react.png, id=92, 398.99063pt x 176.15813pt>
File: react.png Graphic file (type png)
<use react.png>
Package pdftex.def Info: react.png  used on input line 148.
(pdftex.def)             Requested size: 239.39622pt x 105.69568pt.
File: isp_uni_en_for.pdf Graphic file (type pdf)
<use isp_uni_en_for.pdf>
Package pdftex.def Info: isp_uni_en_for.pdf  used on input line 148.
(pdftex.def)             Requested size: 121.75278pt x 25.0pt.
File: isp.pdf Graphic file (type pdf)
<use isp.pdf>
Package pdftex.def Info: isp.pdf  used on input line 148.
(pdftex.def)             Requested size: 20.0pt x 17.62721pt.
 [11

 <./react.png>]
File: isp_uni_en_for.pdf Graphic file (type pdf)
<use isp_uni_en_for.pdf>
Package pdftex.def Info: isp_uni_en_for.pdf  used on input line 161.
(pdftex.def)             Requested size: 121.75278pt x 25.0pt.
File: isp.pdf Graphic file (type pdf)
<use isp.pdf>
Package pdftex.def Info: isp.pdf  used on input line 161.
(pdftex.def)             Requested size: 20.0pt x 17.62721pt.
 [12

]
File: isp_uni_en_for.pdf Graphic file (type pdf)
<use isp_uni_en_for.pdf>
Package pdftex.def Info: isp_uni_en_for.pdf  used on input line 175.
(pdftex.def)             Requested size: 121.75278pt x 25.0pt.
File: isp.pdf Graphic file (type pdf)
<use isp.pdf>
Package pdftex.def Info: isp.pdf  used on input line 175.
(pdftex.def)             Requested size: 20.0pt x 17.62721pt.
 [13

]
<out.png, id=118, 702.37407pt x 207.02344pt>
File: out.png Graphic file (type png)
<use out.png>
Package pdftex.def Info: out.png  used on input line 196.
(pdftex.def)             Requested size: 210.71384pt x 62.1075pt.
File: isp_uni_en_for.pdf Graphic file (type pdf)
<use isp_uni_en_for.pdf>
Package pdftex.def Info: isp_uni_en_for.pdf  used on input line 196.
(pdftex.def)             Requested size: 121.75278pt x 25.0pt.
File: isp.pdf Graphic file (type pdf)
<use isp.pdf>
Package pdftex.def Info: isp.pdf  used on input line 196.
(pdftex.def)             Requested size: 20.0pt x 17.62721pt.
 [14

 <./out.png>]
File: out.png Graphic file (type png)
<use out.png>
Package pdftex.def Info: out.png  used on input line 196.
(pdftex.def)             Requested size: 210.71384pt x 62.1075pt.
File: isp_uni_en_for.pdf Graphic file (type pdf)
<use isp_uni_en_for.pdf>
Package pdftex.def Info: isp_uni_en_for.pdf  used on input line 196.
(pdftex.def)             Requested size: 121.75278pt x 25.0pt.
File: isp.pdf Graphic file (type pdf)
<use isp.pdf>
Package pdftex.def Info: isp.pdf  used on input line 196.
(pdftex.def)             Requested size: 20.0pt x 17.62721pt.
 [15

]
File: isp_uni_en_for.pdf Graphic file (type pdf)
<use isp_uni_en_for.pdf>
Package pdftex.def Info: isp_uni_en_for.pdf  used on input line 213.
(pdftex.def)             Requested size: 121.75278pt x 25.0pt.
File: isp.pdf Graphic file (type pdf)
<use isp.pdf>
Package pdftex.def Info: isp.pdf  used on input line 213.
(pdftex.def)             Requested size: 20.0pt x 17.62721pt.
 [16

]
<conclusion.png, id=140, 520.94624pt x 178.41656pt>
File: conclusion.png Graphic file (type png)
<use conclusion.png>
Package pdftex.def Info: conclusion.png  used on input line 217.
(pdftex.def)             Requested size: 260.47249pt x 89.20805pt.
File: isp_uni_en_for.pdf Graphic file (type pdf)
<use isp_uni_en_for.pdf>
Package pdftex.def Info: isp_uni_en_for.pdf  used on input line 217.
(pdftex.def)             Requested size: 121.75278pt x 25.0pt.
File: isp.pdf Graphic file (type pdf)
<use isp.pdf>
Package pdftex.def Info: isp.pdf  used on input line 217.
(pdftex.def)             Requested size: 20.0pt x 17.62721pt.
 [17

 <./conclusion.png>]
\tf@nav=\write6
\openout6 = `jorgensen.nav'.

\tf@toc=\write7
\openout7 = `jorgensen.toc'.

\tf@snm=\write8
\openout8 = `jorgensen.snm'.

Package atveryend Info: Empty hook `BeforeClearDocument' on input line 219.
Package atveryend Info: Empty hook `AfterLastShipout' on input line 219.
 (jorgensen.aux)
Package atveryend Info: Executing hook `AtVeryEndDocument' on input line 219.
Package atveryend Info: Executing hook `AtEndAfterFileList' on input line 219.
Package rerunfilecheck Info: File `jorgensen.out' has not changed.
(rerunfilecheck)             Checksum: D41D8CD98F00B204E9800998ECF8427E;0.


LaTeX Warning: There were undefined references.

 ) 
Here is how much of TeX's memory you used:
 32799 strings out of 492968
 664272 string characters out of 3126467
 708383 words of memory out of 3000000
 36058 multiletter control sequences out of 15000+200000
 583230 words of font info for 88 fonts, out of 3000000 for 9000
 1141 hyphenation exceptions out of 8191
 56i,18n,70p,812b,731s stack positions out of 5000i,500n,10000p,200000b,50000s
{C:/Users/ISP-Karam/AppData/Local/Programs/MiKTeX/fonts/enc/dvips/base/8r.enc
}<C:/Users/ISP-Karam/AppData/Local/Programs/MiKTeX/fonts/type1/public/amsfonts/
cmextra/cmex9.pfb><C:/Users/ISP-Karam/AppData/Local/Programs/MiKTeX/fonts/type1
/public/amsfonts/cm/cmmi9.pfb><C:/Users/ISP-Karam/AppData/Local/Programs/MiKTeX
/fonts/type1/public/amsfonts/cm/cmr9.pfb><C:/Users/ISP-Karam/AppData/Local/Prog
rams/MiKTeX/fonts/type1/public/amsfonts/cm/cmsy6.pfb><C:/Users/ISP-Karam/AppDat
a/Local/Programs/MiKTeX/fonts/type1/public/amsfonts/cm/cmsy8.pfb><C:/Users/ISP-
Karam/AppData/Local/Programs/MiKTeX/fonts/type1/public/amsfonts/cm/cmsy9.pfb><C
:/Users/ISP-Karam/AppData/Local/Programs/MiKTeX/fonts/type1/public/amsfonts/sym
bols/msam10.pfb><C:/Users/ISP-Karam/AppData/Local/Programs/MiKTeX/fonts/type1/u
rw/helvetic/uhvb8a.pfb><C:/Users/ISP-Karam/AppData/Local/Programs/MiKTeX/fonts/
type1/urw/helvetic/uhvr8a.pfb><C:/Users/ISP-Karam/AppData/Local/Programs/MiKTeX
/fonts/type1/urw/helvetic/uhvro8a.pfb><C:/Users/ISP-Karam/AppData/Local/Program
s/MiKTeX/fonts/type1/urw/palatino/uplr8a.pfb><C:/Users/ISP-Karam/AppData/Local/
Programs/MiKTeX/fonts/type1/urw/palatino/uplri8a.pfb>
Output written on jorgensen.pdf (17 pages, 849009 bytes).
PDF statistics:
 193 PDF objects out of 1000 (max. 8388607)
 35 named destinations out of 1000 (max. 500000)
 100 words of extra memory for PDF output out of 10000 (max. 10000000)

